<?xml version="1.0" encoding="UTF-8"?>
<testng-results skipped="0" failed="0" ignored="0" total="2" passed="2">
  <reporter-output>
  </reporter-output>
  <suite name="Default suite" duration-ms="27230" started-at="2018-03-30T13:06:51Z" finished-at="2018-03-30T13:07:18Z">
    <groups>
    </groups>
    <test name="Default test" duration-ms="27230" started-at="2018-03-30T13:06:51Z" finished-at="2018-03-30T13:07:18Z">
      <class name="firstPack.PageTitle">
        <test-method status="PASS" signature="initBrowser()[pri:0, instance:firstPack.PageTitle@2a5ca609]" name="initBrowser" is-config="true" duration-ms="12093" started-at="2018-03-30T18:36:51Z" finished-at="2018-03-30T18:37:03Z">
          <reporter-output>
          </reporter-output>
        </test-method> <!-- initBrowser -->
        <test-method status="PASS" signature="getPageTitle()[pri:0, instance:firstPack.PageTitle@2a5ca609]" name="getPageTitle" duration-ms="10732" started-at="2018-03-30T18:37:03Z" finished-at="2018-03-30T18:37:14Z">
          <reporter-output>
          </reporter-output>
        </test-method> <!-- getPageTitle -->
        <test-method status="PASS" signature="getPageTitle2()[pri:0, instance:firstPack.PageTitle@2a5ca609]" name="getPageTitle2" duration-ms="4367" started-at="2018-03-30T18:37:14Z" finished-at="2018-03-30T18:37:18Z">
          <reporter-output>
          </reporter-output>
        </test-method> <!-- getPageTitle2 -->
      </class> <!-- firstPack.PageTitle -->
    </test> <!-- Default test -->
  </suite> <!-- Default suite -->
</testng-results>
